<?xml version="1.0" encoding="UTF-8"?>
<!-- Generated by org.testng.reporters.JUnitReportReporter -->
<testsuite hostname="GauravAhuja" failures="0" tests="3" name="RunnerPackage.Runnerclass" time="106.680" errors="0" timestamp="2023-06-25T17:53:08 IST" skipped="0">
  <testcase classname="RunnerPackage.Runnerclass" name="runScenario" time="37.826"/>
  <system-out/>
  <testcase classname="RunnerPackage.Runnerclass" name="runScenario" time="30.984"/>
  <system-out/>
  <testcase classname="RunnerPackage.Runnerclass" name="runScenario" time="37.870"/>
  <system-out/>
</testsuite> <!-- RunnerPackage.Runnerclass -->
