<?xml version="1.0" encoding="UTF-8"?>
<!-- Generated by org.testng.reporters.JUnitReportReporter -->
<testsuite hostname="GauravAhuja" failures="0" tests="1" name="RunnerPackage.Runnerclass" time="43.855" errors="0" timestamp="2023-06-25T22:42:17 IST" skipped="0">
  <testcase classname="RunnerPackage.Runnerclass" name="runScenario" time="43.855"/>
  <system-out/>
</testsuite> <!-- RunnerPackage.Runnerclass -->
