<?xml version="1.0" encoding="UTF-8"?>
<!-- Generated by org.testng.reporters.JUnitReportReporter -->
<testsuite hostname="GauravAhuja" failures="0" tests="1" name="RunnerPackage.Runnerclass" time="36.928" errors="0" timestamp="2023-06-21T09:15:21 IST" skipped="0">
  <testcase classname="RunnerPackage.Runnerclass" name="runScenario" time="36.928"/>
  <system-out/>
</testsuite> <!-- RunnerPackage.Runnerclass -->
